54	1.000000	target1/2018_04_24_17_34_04.png
45	1.000000	target1/2018_04_23_16_46_32.png
28	0.000000	2018_05_02_19_19_49.png
3	0.000000	2018_04_23_13_42_05.png
2	0.000000	2018_04_23_11_32_39.png
47	1.000000	target1/2018_04_23_18_57_18.png
37	0.000000	Selection_007.png
43	1.000000	target1/2018_04_23_11_32_39.png
63	1.000000	target1/2018_04_26_20_40_55.png
77	2.000000	target2/Selection_010.png
48	1.000000	target1/2018_04_23_19_00_36.png
30	0.000000	2018_05_02_20_58_38.png
5	0.000000	2018_04_23_17_24_38.png
67	1.000000	target1/2018_04_29_15_26_31.png
8	0.000000	2018_04_23_19_02_02.png
31	0.000000	Selection_001.png
34	0.000000	Selection_004.png
16	0.000000	2018_04_25_13_52_26.png
27	0.000000	2018_05_02_10_11_49.png
1	0.000000	2018_04_23_11_27_27.png
60	1.000000	target1/2018_04_26_19_08_50.png
56	1.000000	target1/2018_04_24_20_05_45.png
4	0.000000	2018_04_23_16_46_32.png
32	0.000000	Selection_002.png
20	0.000000	2018_04_26_20_40_27.png
62	1.000000	target1/2018_04_26_20_40_40.png
57	1.000000	target1/2018_04_25_13_52_26.png
38	0.000000	Selection_008.png
65	1.000000	target1/2018_04_27_16_46_52.png
36	0.000000	Selection_006.png
46	1.000000	target1/2018_04_23_17_24_38.png
70	2.000000	target2/Selection_003.png
73	2.000000	target2/Selection_006.png
39	0.000000	Selection_009.png
51	1.000000	target1/2018_04_24_10_04_41.png
72	2.000000	target2/Selection_005.png
0	0.000000	2018_04_23_10_00_40.png
52	1.000000	target1/2018_04_24_10_08_25.png
7	0.000000	2018_04_23_19_00_36.png
66	1.000000	target1/2018_04_28_20_03_25.png
24	0.000000	2018_04_27_16_46_52.png
17	0.000000	2018_04_25_15_03_23.png
35	0.000000	Selection_005.png
29	0.000000	2018_05_02_19_32_00.png
25	0.000000	2018_04_28_20_03_25.png
71	2.000000	target2/Selection_004.png
26	0.000000	2018_04_29_15_26_31.png
40	0.000000	Selection_010.png
23	0.000000	2018_04_27_15_25_42.png
74	2.000000	target2/Selection_007.png
12	0.000000	2018_04_24_17_15_39.png
9	0.000000	2018_04_24_09_16_27.png
11	0.000000	2018_04_24_10_08_25.png
61	1.000000	target1/2018_04_26_20_40_27.png
49	1.000000	target1/2018_04_23_19_02_02.png
53	1.000000	target1/2018_04_24_17_15_39.png
19	0.000000	2018_04_26_19_08_50.png
69	2.000000	target2/Selection_002.png
21	0.000000	2018_04_26_20_40_40.png
13	0.000000	2018_04_24_17_34_04.png
41	1.000000	target1/2018_04_23_10_00_40.png
59	1.000000	target1/2018_04_25_15_18_40.png
42	1.000000	target1/2018_04_23_11_27_27.png
6	0.000000	2018_04_23_18_57_18.png
33	0.000000	Selection_003.png
75	2.000000	target2/Selection_008.png
10	0.000000	2018_04_24_10_04_41.png
15	0.000000	2018_04_24_20_05_45.png
68	2.000000	target2/Selection_001.png
14	0.000000	2018_04_24_18_00_52.png
64	1.000000	target1/2018_04_27_15_25_42.png
55	1.000000	target1/2018_04_24_18_00_52.png
44	1.000000	target1/2018_04_23_13_42_05.png
50	1.000000	target1/2018_04_24_09_16_27.png
22	0.000000	2018_04_26_20_40_55.png
76	2.000000	target2/Selection_009.png
58	1.000000	target1/2018_04_25_15_03_23.png
18	0.000000	2018_04_25_15_18_40.png
